e:\microsoft visual studio project\qchatroom\x64\debug\filecntdlg.obj
e:\microsoft visual studio project\qchatroom\x64\debug\filesrvdlg.obj
e:\microsoft visual studio project\qchatroom\x64\debug\qchatroom.obj
e:\microsoft visual studio project\qchatroom\x64\debug\main.obj
e:\microsoft visual studio project\qchatroom\x64\debug\moc\moc_qchatroom.cpp
e:\microsoft visual studio project\qchatroom\x64\debug\moc\moc_filecntdlg.cpp
e:\microsoft visual studio project\qchatroom\x64\debug\moc\moc_filesrvdlg.cpp
e:\microsoft visual studio project\qchatroom\x64\debug\moc\moc_logindialog.cpp
e:\microsoft visual studio project\qchatroom\x64\debug\moc\moc_mainwindow.cpp
e:\microsoft visual studio project\qchatroom\x64\debug\uic\ui_filecntdlg.h
e:\microsoft visual studio project\qchatroom\x64\debug\uic\ui_filesrvdlg.h
e:\microsoft visual studio project\qchatroom\x64\debug\uic\ui_logindialog.h
e:\microsoft visual studio project\qchatroom\x64\debug\uic\ui_mainwindow.h
e:\microsoft visual studio project\qchatroom\x64\debug\uic\ui_qchatroom.h
e:\microsoft visual studio project\qchatroom\x64\debug\rcc\qrc_qchatroom.cpp
e:\microsoft visual studio project\qchatroom\x64\debug\vc142.pdb
e:\microsoft visual studio project\qchatroom\x64\debug\qchatroom.tlog\cl.12044.write.1.tlog
e:\microsoft visual studio project\qchatroom\x64\debug\qchatroom.tlog\cl.command.1.tlog
e:\microsoft visual studio project\qchatroom\x64\debug\qchatroom.tlog\cl.read.1.tlog
e:\microsoft visual studio project\qchatroom\x64\debug\qchatroom.tlog\moc.read.1u.tlog
e:\microsoft visual studio project\qchatroom\x64\debug\qchatroom.tlog\moc.write.1u.tlog
e:\microsoft visual studio project\qchatroom\x64\debug\qchatroom.tlog\qchatroom.write.1u.tlog
e:\microsoft visual studio project\qchatroom\x64\debug\qchatroom.tlog\rcc.read.1u.tlog
e:\microsoft visual studio project\qchatroom\x64\debug\qchatroom.tlog\rcc.write.1u.tlog
e:\microsoft visual studio project\qchatroom\x64\debug\qchatroom.tlog\uic.read.1u.tlog
e:\microsoft visual studio project\qchatroom\x64\debug\qchatroom.tlog\uic.write.1u.tlog
