e:\microsoft visual studio project\qchatserver\x64\debug\vc142.pdb
e:\microsoft visual studio project\qchatserver\x64\debug\mainwindow.obj
e:\microsoft visual studio project\qchatserver\x64\debug\main.obj
e:\microsoft visual studio project\qchatserver\x64\debug\qrc_qchatserver.obj
e:\microsoft visual studio project\qchatserver\x64\debug\moc_mainwindow.obj
e:\microsoft visual studio project\qchatserver\x64\debug\qchatserver.exe
e:\microsoft visual studio project\qchatserver\x64\debug\qchatserver.ilk
e:\microsoft visual studio project\qchatserver\x64\debug\qchatserver.pdb
e:\microsoft visual studio project\qchatserver\x64\debug\moc\moc_mainwindow.cpp
e:\microsoft visual studio project\qchatserver\x64\debug\uic\ui_qchatserver.h
e:\microsoft visual studio project\qchatserver\x64\debug\rcc\qrc_qchatserver.cpp
e:\microsoft visual studio project\qchatserver\x64\debug\moc\moc_qchatserver.cpp
e:\microsoft visual studio project\qchatserver\x64\debug\uic\ui_mainwindow.h
e:\microsoft visual studio project\qchatserver\x64\debug\qchatserver.tlog\cl.command.1.tlog
e:\microsoft visual studio project\qchatserver\x64\debug\qchatserver.tlog\cl.read.1.tlog
e:\microsoft visual studio project\qchatserver\x64\debug\qchatserver.tlog\cl.write.1.tlog
e:\microsoft visual studio project\qchatserver\x64\debug\qchatserver.tlog\link.command.1.tlog
e:\microsoft visual studio project\qchatserver\x64\debug\qchatserver.tlog\link.read.1.tlog
e:\microsoft visual studio project\qchatserver\x64\debug\qchatserver.tlog\link.write.1.tlog
e:\microsoft visual studio project\qchatserver\x64\debug\qchatserver.tlog\moc.read.1u.tlog
e:\microsoft visual studio project\qchatserver\x64\debug\qchatserver.tlog\moc.write.1u.tlog
e:\microsoft visual studio project\qchatserver\x64\debug\qchatserver.tlog\qchatserver.write.1u.tlog
e:\microsoft visual studio project\qchatserver\x64\debug\qchatserver.tlog\rcc.read.1u.tlog
e:\microsoft visual studio project\qchatserver\x64\debug\qchatserver.tlog\rcc.write.1u.tlog
e:\microsoft visual studio project\qchatserver\x64\debug\qchatserver.tlog\uic.read.1u.tlog
e:\microsoft visual studio project\qchatserver\x64\debug\qchatserver.tlog\uic.write.1u.tlog
