e:\microsoft visual studio project\clientplatform\x64\debug\moc_welcomewindow.obj
e:\microsoft visual studio project\clientplatform\x64\debug\moc_infodialog.obj
e:\microsoft visual studio project\clientplatform\x64\debug\moc_mainwindow.obj
e:\microsoft visual studio project\clientplatform\x64\debug\moc_wechatmainwindow.obj
e:\microsoft visual studio project\clientplatform\x64\debug\moc_loginview.obj
e:\microsoft visual studio project\clientplatform\x64\debug\datahandler.obj
e:\microsoft visual studio project\clientplatform\x64\debug\infodialog.obj
e:\microsoft visual studio project\clientplatform\x64\debug\loginview.obj
e:\microsoft visual studio project\clientplatform\x64\debug\welcomewindow.obj
e:\microsoft visual studio project\clientplatform\x64\debug\mainwindow.obj
e:\microsoft visual studio project\clientplatform\x64\debug\main.obj
e:\microsoft visual studio project\clientplatform\x64\debug\wechatmainwindow.obj
e:\microsoft visual studio project\clientplatform\x64\debug\vc142.pdb
e:\microsoft visual studio project\clientplatform\x64\debug\uic\ui_clientplatform.h
e:\microsoft visual studio project\clientplatform\x64\debug\rcc\qrc_clientplatform.cpp
e:\microsoft visual studio project\clientplatform\x64\debug\moc\moc_clientplatform.cpp
e:\microsoft visual studio project\clientplatform\x64\debug\uic\ui_infodialog.h
e:\microsoft visual studio project\clientplatform\x64\debug\uic\ui_loginview.h
e:\microsoft visual studio project\clientplatform\x64\debug\uic\ui_mainwindow.h
e:\microsoft visual studio project\clientplatform\x64\debug\uic\ui_wechatmainwindow.h
e:\microsoft visual studio project\clientplatform\x64\debug\uic\ui_welcomewindow.h
e:\microsoft visual studio project\clientplatform\x64\debug\moc\moc_welcomewindow.cpp
e:\microsoft visual studio project\clientplatform\x64\debug\moc\moc_wechatmainwindow.cpp
e:\microsoft visual studio project\clientplatform\x64\debug\moc\moc_mainwindow.cpp
e:\microsoft visual studio project\clientplatform\x64\debug\moc\moc_loginview.cpp
e:\microsoft visual studio project\clientplatform\x64\debug\moc\moc_infodialog.cpp
e:\microsoft visual studio project\clientplatform\x64\debug\clientplatform.exe
e:\microsoft visual studio project\clientplatform\x64\debug\clientplatform.ilk
e:\microsoft visual studio project\clientplatform\x64\debug\clientplatform.pdb
e:\microsoft visual studio project\clientplatform\x64\debug\clientplatform.tlog\cl.command.1.tlog
e:\microsoft visual studio project\clientplatform\x64\debug\clientplatform.tlog\cl.read.1.tlog
e:\microsoft visual studio project\clientplatform\x64\debug\clientplatform.tlog\cl.write.1.tlog
e:\microsoft visual studio project\clientplatform\x64\debug\clientplatform.tlog\clientplatform.write.1u.tlog
e:\microsoft visual studio project\clientplatform\x64\debug\clientplatform.tlog\link.command.1.tlog
e:\microsoft visual studio project\clientplatform\x64\debug\clientplatform.tlog\link.read.1.tlog
e:\microsoft visual studio project\clientplatform\x64\debug\clientplatform.tlog\link.write.1.tlog
e:\microsoft visual studio project\clientplatform\x64\debug\clientplatform.tlog\moc.read.1u.tlog
e:\microsoft visual studio project\clientplatform\x64\debug\clientplatform.tlog\moc.write.1u.tlog
e:\microsoft visual studio project\clientplatform\x64\debug\clientplatform.tlog\uic.read.1u.tlog
e:\microsoft visual studio project\clientplatform\x64\debug\clientplatform.tlog\uic.write.1u.tlog
